'vite' is not recognized as an internal or external command,
operable program or batch file.
'vite' is not recognized as an internal or external command,
operable program or batch file.
'vite' is not recognized as an internal or external command,
operable program or batch file.
'vite' is not recognized as an internal or external command,
operable program or batch file.
'vite' is not recognized as an internal or external command,
operable program or batch file.
'vite' is not recognized as an internal or external command,
operable program or batch file.
'vite' is not recognized as an internal or external command,
operable program or batch file.
'vite' is not recognized as an internal or external command,
operable program or batch file.
[2m21.22.35[22m [31m[1m[vite][22m[39m [31mhttp proxy error: /api/v1/login[39m
AggregateError [ECONNREFUSED]: 
    at internalConnectMultiple (node:net:1134:18)
    at afterConnectMultiple (node:net:1715:7)
[2m21.22.44[22m [31m[1m[vite][22m[39m [31mhttp proxy error: /api/v1/login[39m
AggregateError [ECONNREFUSED]: 
    at internalConnectMultiple (node:net:1134:18)
    at afterConnectMultiple (node:net:1715:7)
[2m21.23.05[22m [31m[1m[vite][22m[39m [31mhttp proxy error: /api/v1/login[39m
AggregateError [ECONNREFUSED]: 
    at internalConnectMultiple (node:net:1134:18)
    at afterConnectMultiple (node:net:1715:7)
^C^C^C^C^C^C